<?xml version="1.0" encoding="UTF-8"?>
<testng-results ignored="0" total="1" passed="1" failed="0" skipped="0">
  <reporter-output>
  </reporter-output>
  <suite started-at="2019-10-03T11:05:05Z" name="Default suite" finished-at="2019-10-03T11:05:58Z" duration-ms="52484">
    <groups>
    </groups>
    <test started-at="2019-10-03T11:05:05Z" name="Default test" finished-at="2019-10-03T11:05:58Z" duration-ms="52484">
      <class name="atmecs.Atmecstask1.testscripts.TestScript">
        <test-method is-config="true" signature="invokeBrowser()[pri:0, instance:atmecs.Atmecstask1.testscripts.TestScript@1139b2f3]" started-at="2019-10-03T16:35:05Z" name="invokeBrowser" finished-at="2019-10-03T16:35:26Z" duration-ms="20483" status="PASS">
          <reporter-output>
          </reporter-output>
        </test-method> <!-- invokeBrowser -->
        <test-method signature="moreinfovalidate()[pri:0, instance:atmecs.Atmecstask1.testscripts.TestScript@1139b2f3]" started-at="2019-10-03T16:35:26Z" name="moreinfovalidate" finished-at="2019-10-03T16:35:58Z" duration-ms="31971" status="PASS">
          <reporter-output>
          </reporter-output>
        </test-method> <!-- moreinfovalidate -->
      </class> <!-- atmecs.Atmecstask1.testscripts.TestScript -->
    </test> <!-- Default test -->
  </suite> <!-- Default suite -->
</testng-results>
